This is pdfTeX, Version 3.14159265-2.6-1.40.18 (TeX Live 2017) (preloaded format=prv_ECE742Project 2018.5.8)  8 MAY 2018 15:57
entering extended mode
 restricted \write18 enabled.
 %&-line parsing enabled.
**&prv_ECE742Project _region_.tex
(./_region_.tex
LaTeX2e <2017-04-15>
Babel <3.10> and hyphenation patterns for 84 language(s) loaded.
CUSTOMISED FORMAT. Preloaded files:
        .
 article.cls    2014/09/29 v1.4h Standard LaTeX document class
  size10.clo    2014/09/29 v1.4h Standard LaTeX file (size option)
 amsmath.sty    2016/11/05 v2.16a AMS math features
 amstext.sty    2000/06/29 v2.01 AMS text
  amsgen.sty    1999/11/30 v2.0 generic functions
  amsbsy.sty    1999/11/29 v1.2d Bold Symbols
  amsopn.sty    2016/03/08 v2.02 operator names
mathtools.sty    2015/11/12 v1.18 mathematical typesetting tools
  keyval.sty    2014/10/28 v1.15 key=value parser (DPC)
    calc.sty    2014/10/28 v4.3 Infix arithmetic (KKT,FJ)
 mhsetup.sty    2010/01/21 v1.2a programming setup (MH)
graphicx.sty    2014/10/28 v1.0g Enhanced LaTeX Graphics (DPC,SPQR)
graphics.sty    2017/04/14 v1.1b Standard LaTeX Graphics (DPC,SPQR)
    trig.sty    2016/01/03 v1.10 sin cos tan (DPC)
graphics.cfg    2016/06/04 v1.11 sample graphics configuration
  pdftex.def    2017/01/12 v0.06k Graphics/color for pdfTeX
infwarerr.sty    2016/05/16 v1.4 Providing info/warning/error messages (HO)
 ltxcmds.sty    2016/05/16 v1.23 LaTeX kernel commands for general use (HO)
        .
No file _region_.aux.
LaTeX Font Info:    Checking defaults for OML/cmm/m/it on input line 14.
LaTeX Font Info:    ... okay on input line 14.
LaTeX Font Info:    Checking defaults for T1/cmr/m/n on input line 14.
LaTeX Font Info:    ... okay on input line 14.
LaTeX Font Info:    Checking defaults for OT1/cmr/m/n on input line 14.
LaTeX Font Info:    ... okay on input line 14.
LaTeX Font Info:    Checking defaults for OMS/cmsy/m/n on input line 14.
LaTeX Font Info:    ... okay on input line 14.
LaTeX Font Info:    Checking defaults for OMX/cmex/m/n on input line 14.
LaTeX Font Info:    ... okay on input line 14.
LaTeX Font Info:    Checking defaults for U/cmr/m/n on input line 14.
LaTeX Font Info:    ... okay on input line 14.
(/Users/michellelking/.emacs.d/elpa/auctex-12.1.1/latex/preview.sty
Package: preview 2017/04/24 12.1 (AUCTeX/preview-latex)
 (/usr/local/texlive/2017/texmf-dist/tex/generic/luatex85/luatex85.sty
Package: luatex85 2016/06/15 v1.4 pdftex aliases for luatex
) (/Users/michellelking/.emacs.d/elpa/auctex-12.1.1/latex/prtightpage.def
\PreviewBorder=\dimen123
) (/Users/michellelking/.emacs.d/elpa/auctex-12.1.1/latex/prauctex.def
No auxiliary output files.


\hbadness=\count104
\hfuzz=\dimen124
(/Users/michellelking/.emacs.d/elpa/auctex-12.1.1/latex/prauctex.cfg)) (/Users/michellelking/.emacs.d/elpa/auctex-12.1.1/latex/prfootnotes.def)
\pr@snippet=\count105
\pr@box=\box28
\pr@output=\toks20

Preview: Fontsize 10pt
Preview: PDFoutput 1
) (/usr/local/texlive/2017/texmf-dist/tex/context/base/mkii/supp-pdf.mkii
[Loading MPS to PDF converter (version 2006.09.02).]
\scratchcounter=\count106
\scratchdimen=\dimen125
\scratchbox=\box29
\nofMPsegments=\count107
\nofMParguments=\count108
\everyMPshowfont=\toks21
\MPscratchCnt=\count109
\MPscratchDim=\dimen126
\MPnumerator=\count110
\makeMPintoPDFobject=\count111
\everyMPtoPDFconversion=\toks22
) (/usr/local/texlive/2017/texmf-dist/tex/generic/oberdiek/pdftexcmds.sty
Package: pdftexcmds 2017/03/19 v0.25 Utility functions of pdfTeX for LuaTeX (HO)
 (/usr/local/texlive/2017/texmf-dist/tex/generic/oberdiek/ifluatex.sty
Package: ifluatex 2016/05/16 v1.4 Provides the ifluatex switch (HO)
Package ifluatex Info: LuaTeX not detected.
) (/usr/local/texlive/2017/texmf-dist/tex/generic/oberdiek/ifpdf.sty
Package: ifpdf 2017/03/15 v3.2 Provides the ifpdf switch
)
Package pdftexcmds Info: LuaTeX not detected.
Package pdftexcmds Info: \pdf@primitive is available.
Package pdftexcmds Info: \pdf@ifprimitive is available.
Package pdftexcmds Info: \pdfdraftmode found.
) (/usr/local/texlive/2017/texmf-dist/tex/latex/oberdiek/epstopdf-base.sty
Package: epstopdf-base 2016/05/15 v2.6 Base part for package epstopdf
 (/usr/local/texlive/2017/texmf-dist/tex/latex/oberdiek/grfext.sty
Package: grfext 2016/05/16 v1.2 Manage graphics extensions (HO)
 (/usr/local/texlive/2017/texmf-dist/tex/generic/oberdiek/kvdefinekeys.sty
Package: kvdefinekeys 2016/05/16 v1.4 Define keys (HO)
)) (/usr/local/texlive/2017/texmf-dist/tex/latex/oberdiek/kvoptions.sty
Package: kvoptions 2016/05/16 v3.12 Key value format for package options (HO)
 (/usr/local/texlive/2017/texmf-dist/tex/generic/oberdiek/kvsetkeys.sty
Package: kvsetkeys 2016/05/16 v1.17 Key value parser (HO)
 (/usr/local/texlive/2017/texmf-dist/tex/generic/oberdiek/etexcmds.sty
Package: etexcmds 2016/05/16 v1.6 Avoid name clashes with e-TeX commands (HO)
Package etexcmds Info: Could not find \expanded.
(etexcmds)             That can mean that you are not using pdfTeX 1.50 or
(etexcmds)             that some package has redefined \expanded.
(etexcmds)             In the latter case, load this package earlier.
)))
Package epstopdf-base Info: Redefining graphics rule for `.eps' on input line 438.
Package grfext Info: Graphics extension search list:
(grfext)             [.png,.pdf,.jpg,.mps,.jpeg,.jbig2,.jb2,.PNG,.PDF,.JPG,.JPEG,.JBIG2,.JB2,.eps]
(grfext)             \AppendGraphicsExtensions on input line 456.
 (/usr/local/texlive/2017/texmf-dist/tex/latex/latexconfig/epstopdf-sys.cfg
File: epstopdf-sys.cfg 2010/07/13 v1.3 Configuration of (r)epstopdf for TeX Live
))  !name(ECE742Project.tex) !offset(300) 
! Preview: Snippet 1 started.
<-><->
      
l.22 \subsubsection
                   {Graded PML}
Not a real error.

Preview: Tightpage -32891 -32891 32891 32891
! Preview: Snippet 1 ended.(455111+0x22609920).
<-><->
      
l.22 \subsubsection{Graded PML}
                               
Not a real error.

[1{/usr/local/texlive/2017/texmf-var/fonts/map/pdftex/updmap/pdftex.map}

]
! Preview: Snippet 2 started.
<-><->
      
l.29 \begin{equation}
                     
Not a real error.

! You can't use `\eqno' in math mode.
\endmathdisplay@a ...\df@tag \@empty \else \veqno 
                                                  \alt@tag \df@tag \fi \ifx ...
l.31 \end{equation}
                   
Sorry, but I'm not programmed to handle this case;
I'll just pretend that you didn't ask for it.
If you're in the wrong mode, you might be able to
return to the right one by typing `I}' or `I$' or `I\par'.

! Missing } inserted.
<inserted text> 
                }
l.31 \end{equation}
                   
I've inserted something that you may have forgotten.
(See the <inserted text> above.)
With luck, this will get me unwedged. But if you
really didn't forget anything, try typing `2' now; then
my insertion and my current dilemma will both disappear.

! Preview: Snippet 2 ended.(925953+0x15872153).
<-><->
      
l.31 \end{equation}
                   
Not a real error.

[2]
! Preview: Snippet 3 started.
<-><->
      
l.33   Where $
              \sigma_{x}$ is the graded conductivity of the PML material.\\
Not a real error.

! Preview: Snippet 3 ended.(282168+98303x704437).
<-><->
      
l.33   Where $\sigma_{x}$
                          is the graded conductivity of the PML material.\\
Not a real error.

[3]
! Preview: Snippet 4 started.
<-><->
      
l.34   $
        \theta$ is the angle of incidence of the wave. So steeper angles of ...
Not a real error.

! Preview: Snippet 4 ended.(455111+0x325860).
<-><->
      
l.34   $\theta$
                is the angle of incidence of the wave. So steeper angles of ...
Not a real error.

[4]
! Preview: Snippet 5 started.
<-><->
      
l.34 ...idence of the wave. So steeper angles of $
                                                  \theta$
Not a real error.

! Preview: Snippet 5 ended.(455111+0x325860).
<-><->
      
l.34 ...of the wave. So steeper angles of $\theta$
                                                  
Not a real error.

[5]
! Preview: Snippet 6 started.
<-><->
      
l.40 \subsubsection
                   {Polynomial grading}
Not a real error.

! Preview: Snippet 6 ended.(455111+127431x22609920).
<-><->
      
l.40 \subsubsection{Polynomial grading}
                                       
Not a real error.

[6

]
! Preview: Snippet 7 started.
<-><->
      
l.42 ...e the grading in our code by the factors $
                                                  \sigma$ and $\kappa$
Not a real error.

! Preview: Snippet 7 ended.(282168+0x397994).
<-><->
      
l.42 ...rading in our code by the factors $\sigma$
                                                   and $\kappa$
Not a real error.

[7]
! Preview: Snippet 8 started.
<-><->
      
l.42 ... in our code by the factors $\sigma$ and $
                                                  \kappa$
Not a real error.

! Preview: Snippet 8 ended.(282168+0x377591).
<-><->
      
l.42 ... code by the factors $\sigma$ and $\kappa$
                                                  
Not a real error.

[8]
! Preview: Snippet 9 started.
<-><->
      
l.44 \[
       \sigma_{x} = (\frac{x}{d})^{m} \sigma_{x,max}\]
Not a real error.

! Preview: Snippet 9 ended.(1175069+0x13817073).
<-><->
      
l.44 ...a_{x} = (\frac{x}{d})^{m} \sigma_{x,max}\]
                                                  
Not a real error.

[9]
! Preview: Snippet 10 started.
<-><->
      
l.45 And the graded value for $
                               \kappa$ for the PML in the x direction is:
Not a real error.

! Preview: Snippet 10 ended.(282168+0x377591).
<-><->
      
l.45 And the graded value for $\kappa$
                                       for the PML in the x direction is:
Not a real error.

[10]
! Preview: Snippet 11 started.
<-><->
      
l.46 \[
       \kappa_{x}=1+(\kappa_{x,max}-1)(\frac{x}{d})^{m}\]
Not a real error.

! Preview: Snippet 11 ended.(1175069+0x15203717).
<-><->
      
l.46 ...x}=1+(\kappa_{x,max}-1)(\frac{x}{d})^{m}\]
                                                  
Not a real error.

[11]
! Preview: Snippet 12 started.
<-><->
      
l.48 We will vary the values for $
                                  \kappa_{max}$ and $\sigma_{max}$ in our nu...
Not a real error.

! Preview: Snippet 12 ended.(282168+98303x1456870).
<-><->
      
l.48 We will vary the values for $\kappa_{max}$
                                                and $\sigma_{max}$ in our nu...
Not a real error.

[12]
! Preview: Snippet 13 started.
<-><->
      
l.48 ...l vary the values for $\kappa_{max}$ and $
                                                  \sigma_{max}$ in our numer...
Not a real error.

! Preview: Snippet 13 ended.(282168+98303x1453760).
<-><->
      
l.48 ...lues for $\kappa_{max}$ and $\sigma_{max}$
                                                   in our numerical
Not a real error.

[13]
! Preview: Snippet 14 started.
<-><->
      
l.52 An optimal expression for the value of $
                                             \sigma_{max}$ for a polynomial ...
Not a real error.

! Preview: Snippet 14 ended.(282168+98303x1453760).
<-><->
      
l.52 ...expression for the value of $\sigma_{max}$
                                                   for a polynomial grading
Not a real error.

[14]
! Preview: Snippet 15 started.
<-><->
      
l.54 \begin{equation}
                     
Not a real error.

! Preview: Snippet 15 ended.(1511852+0x22609920).
<-><->
      
l.56 \end{equation}
                   
Not a real error.

[15]
! Preview: Snippet 16 started.
<-><->
      
l.58 \section
             {Experiment}
Not a real error.

! Preview: Snippet 16 ended.(655359+183500x22609920).
<-><->
      
l.58 \section{Experiment}
                         
Not a real error.

[16

]
! Preview: Snippet 17 started.
<-><->
      
l.62 \section
             {Error Analysis}
Not a real error.

! Preview: Snippet 17 ended.(655359+183500x22609920).
<-><->
      
l.62 \section{Error Analysis}
                             
Not a real error.

[17

]
! Preview: Snippet 18 started.
<-><->
      
l.67 \begin{figure}
                   
Not a real error.

Package epstopdf Info: Source file: <images/Rel_Err_SigMax_m3.eps>
(epstopdf)                    date: 2018-05-08 14:52:05
(epstopdf)                    size: 84540 bytes
(epstopdf)             Output file: <images/Rel_Err_SigMax_m3-eps-converted-to.pdf>
(epstopdf)                    date: 2018-05-08 15:55:43
(epstopdf)                    size: 22705 bytes
(epstopdf)             Command: <repstopdf --outfile=images/Rel_Err_SigMax_m3-eps-converted-to.pdf images/Rel_Err_SigMax_m3.eps>
(epstopdf)             \includegraphics on input line 69.
Package epstopdf Info: Output file is already uptodate.
<images/Rel_Err_SigMax_m3-eps-converted-to.pdf, id=67, 1445.4pt x 815.045pt>
File: images/Rel_Err_SigMax_m3-eps-converted-to.pdf Graphic file (type pdf)
 <use images/Rel_Err_SigMax_m3-eps-converted-to.pdf>
Package pdftex.def Info: images/Rel_Err_SigMax_m3-eps-converted-to.pdf used on input line 69.
(pdftex.def)             Requested size: 345.0pt x 194.5328pt.

! Preview: Snippet 18 ended.(14318125+0x22609920).
<-><->
      
l.71 \end{figure}
                 
Not a real error.

[18


 <./images/Rel_Err_SigMax_m3-eps-converted-to.pdf>]
! Preview: Snippet 19 started.
<-><->
      
l.73 \begin{figure}
                   
Not a real error.

Package epstopdf Info: Source file: <images/Rel_Err_m.eps>
(epstopdf)                    date: 2018-05-08 14:52:05
(epstopdf)                    size: 85881 bytes
(epstopdf)             Output file: <images/Rel_Err_m-eps-converted-to.pdf>
(epstopdf)             Command: <repstopdf --outfile=images/Rel_Err_m-eps-converted-to.pdf images/Rel_Err_m.eps>
(epstopdf)             \includegraphics on input line 75.
runsystem(repstopdf --outfile=images/Rel_Err_m-eps-converted-to.pdf images/Rel_Err_m.eps)...executed safely (allowed).

Package epstopdf Info: Result file: <images/Rel_Err_m-eps-converted-to.pdf>
(epstopdf)                    date: 2018-05-08 15:57:30
(epstopdf)                    size: 21301 bytes.
<images/Rel_Err_m-eps-converted-to.pdf, id=79, 1445.4pt x 815.045pt>
File: images/Rel_Err_m-eps-converted-to.pdf Graphic file (type pdf)
 <use images/Rel_Err_m-eps-converted-to.pdf>
Package pdftex.def Info: images/Rel_Err_m-eps-converted-to.pdf used on input line 75.
(pdftex.def)             Requested size: 345.0pt x 194.5328pt.

! Preview: Snippet 19 ended.(14318125+0x22609920).
<-><->
      
l.77 \end{figure}
                 
Not a real error.

[19


 <./images/Rel_Err_m-eps-converted-to.pdf>]
! Preview: Snippet 20 started.
<-><->
      
l.79 \begin{figure}
                   
Not a real error.

Package epstopdf Info: Source file: <images/Rel_Err_SigMax.eps>
(epstopdf)                    date: 2018-05-08 14:52:05
(epstopdf)                    size: 84067 bytes
(epstopdf)             Output file: <images/Rel_Err_SigMax-eps-converted-to.pdf>
(epstopdf)             Command: <repstopdf --outfile=images/Rel_Err_SigMax-eps-converted-to.pdf images/Rel_Err_SigMax.eps>
(epstopdf)             \includegraphics on input line 81.
runsystem(repstopdf --outfile=images/Rel_Err_SigMax-eps-converted-to.pdf images/Rel_Err_SigMax.eps)...executed safely (allowed).

Package epstopdf Info: Result file: <images/Rel_Err_SigMax-eps-converted-to.pdf>
(epstopdf)                    date: 2018-05-08 15:57:31
(epstopdf)                    size: 22547 bytes.
<images/Rel_Err_SigMax-eps-converted-to.pdf, id=92, 1445.4pt x 815.045pt>
File: images/Rel_Err_SigMax-eps-converted-to.pdf Graphic file (type pdf)
 <use images/Rel_Err_SigMax-eps-converted-to.pdf>
Package pdftex.def Info: images/Rel_Err_SigMax-eps-converted-to.pdf used on input line 81.
(pdftex.def)             Requested size: 345.0pt x 194.5328pt.

! Preview: Snippet 20 ended.(14318125+0x22609920).
<-><->
      
l.83 \end{figure}
                 
Not a real error.

[20


 <./images/Rel_Err_SigMax-eps-converted-to.pdf>]
! Preview: Snippet 21 started.
<-><->
      
l.85 \section
             {Bibliography}
Not a real error.

! Preview: Snippet 21 ended.(655359+183500x22609920).
<-><->
      
l.85 \section{Bibliography}
                           
Not a real error.

[21

] ) 
Here is how much of TeX's memory you used:
 858 strings out of 491002
 13971 string characters out of 6104820
 105697 words of memory out of 5000000
 6341 multiletter control sequences out of 15000+600000
 6782 words of font info for 25 fonts, out of 8000000 for 9000
 1141 hyphenation exceptions out of 8191
 39i,6n,25p,253b,267s stack positions out of 5000i,500n,10000p,200000b,80000s
</usr/local/texlive/2017/texmf-dist/fonts/type1/public/amsfonts/cm/cmbx10.pfb></usr/local/texlive/2017/texmf-dist/fonts/type1/public/amsfonts/cm/cmbx12.pfb></usr/local/texlive/2017/texmf-dist/fonts/type1/public/amsfonts/cmextra/cmex7.pfb></usr/local/texlive/2017/texmf-dist/fonts/type1/public/amsfonts/cm/cmmi10.pfb></usr/local/texlive/2017/texmf-dist/fonts/type1/public/amsfonts/cm/cmmi5.pfb></usr/local/texlive/2017/texmf-dist/fonts/type1/public/amsfonts/cm/cmmi7.pfb></usr/local/texlive/2017/texmf-dist/fonts/type1/public/amsfonts/cm/cmr10.pfb></usr/local/texlive/2017/texmf-dist/fonts/type1/public/amsfonts/cm/cmr5.pfb></usr/local/texlive/2017/texmf-dist/fonts/type1/public/amsfonts/cm/cmr7.pfb></usr/local/texlive/2017/texmf-dist/fonts/type1/public/amsfonts/cm/cmsy10.pfb></usr/local/texlive/2017/texmf-dist/fonts/type1/public/amsfonts/cm/cmsy7.pfb>
Output written on _region_.pdf (21 pages, 161351 bytes).
PDF statistics:
 143 PDF objects out of 1000 (max. 8388607)
 99 compressed objects within 1 object stream
 0 named destinations out of 1000 (max. 500000)
 16 words of extra memory for PDF output out of 10000 (max. 10000000)

