This is pdfTeX, Version 3.14159265-2.6-1.40.18 (TeX Live 2017) (preloaded format=prv_ECE742Project 2018.5.5)  5 MAY 2018 15:34
entering extended mode
 restricted \write18 enabled.
 %&-line parsing enabled.
**&prv_ECE742Project ECE742Project.tex
(./ECE742Project.tex
LaTeX2e <2017-04-15>
Babel <3.10> and hyphenation patterns for 84 language(s) loaded.
CUSTOMISED FORMAT. Preloaded files:
        .
 article.cls    2014/09/29 v1.4h Standard LaTeX document class
  size10.clo    2014/09/29 v1.4h Standard LaTeX file (size option)
 amsmath.sty    2016/11/05 v2.16a AMS math features
 amstext.sty    2000/06/29 v2.01 AMS text
  amsgen.sty    1999/11/30 v2.0 generic functions
  amsbsy.sty    1999/11/29 v1.2d Bold Symbols
  amsopn.sty    2016/03/08 v2.02 operator names
mathtools.sty    2015/11/12 v1.18 mathematical typesetting tools
  keyval.sty    2014/10/28 v1.15 key=value parser (DPC)
    calc.sty    2014/10/28 v4.3 Infix arithmetic (KKT,FJ)
 mhsetup.sty    2010/01/21 v1.2a programming setup (MH)
        .
(./ECE742Project.aux)
LaTeX Font Info:    Checking defaults for OML/cmm/m/it on input line 12.
LaTeX Font Info:    ... okay on input line 12.
LaTeX Font Info:    Checking defaults for T1/cmr/m/n on input line 12.
LaTeX Font Info:    ... okay on input line 12.
LaTeX Font Info:    Checking defaults for OT1/cmr/m/n on input line 12.
LaTeX Font Info:    ... okay on input line 12.
LaTeX Font Info:    Checking defaults for OMS/cmsy/m/n on input line 12.
LaTeX Font Info:    ... okay on input line 12.
LaTeX Font Info:    Checking defaults for OMX/cmex/m/n on input line 12.
LaTeX Font Info:    ... okay on input line 12.
LaTeX Font Info:    Checking defaults for U/cmr/m/n on input line 12.
LaTeX Font Info:    ... okay on input line 12.
 (/Users/michellelking/.emacs.d/elpa/auctex-12.1.1/latex/preview.sty
Package: preview 2017/04/24 12.1 (AUCTeX/preview-latex)
 (/usr/local/texlive/2017/texmf-dist/tex/generic/luatex85/luatex85.sty
Package: luatex85 2016/06/15 v1.4 pdftex aliases for luatex
) (/Users/michellelking/.emacs.d/elpa/auctex-12.1.1/latex/prtightpage.def
\PreviewBorder=\dimen121
) (/Users/michellelking/.emacs.d/elpa/auctex-12.1.1/latex/prauctex.def
No auxiliary output files.


\hbadness=\count103
\hfuzz=\dimen122
(/Users/michellelking/.emacs.d/elpa/auctex-12.1.1/latex/prauctex.cfg)) (/Users/michellelking/.emacs.d/elpa/auctex-12.1.1/latex/prfootnotes.def)
\pr@snippet=\count104
\pr@box=\box28
\pr@output=\toks20

Preview: Fontsize 10pt
Preview: PDFoutput 1
) (/usr/local/texlive/2017/texmf-dist/tex/latex/graphics/graphicx.sty
Package: graphicx 2014/10/28 v1.0g Enhanced LaTeX Graphics (DPC,SPQR)
 (/usr/local/texlive/2017/texmf-dist/tex/latex/graphics/graphics.sty
Package: graphics 2017/04/14 v1.1b Standard LaTeX Graphics (DPC,SPQR)
 (/usr/local/texlive/2017/texmf-dist/tex/latex/graphics/trig.sty
Package: trig 2016/01/03 v1.10 sin cos tan (DPC)
) (/usr/local/texlive/2017/texmf-dist/tex/latex/graphics-cfg/graphics.cfg
File: graphics.cfg 2016/06/04 v1.11 sample graphics configuration
)
Package graphics Info: Driver file: pdftex.def on input line 99.
 (/usr/local/texlive/2017/texmf-dist/tex/latex/graphics-def/pdftex.def
File: pdftex.def 2017/01/12 v0.06k Graphics/color for pdfTeX
 (/usr/local/texlive/2017/texmf-dist/tex/generic/oberdiek/infwarerr.sty
Package: infwarerr 2016/05/16 v1.4 Providing info/warning/error messages (HO)
) (/usr/local/texlive/2017/texmf-dist/tex/generic/oberdiek/ltxcmds.sty
Package: ltxcmds 2016/05/16 v1.23 LaTeX kernel commands for general use (HO)
)
\Gread@gobject=\count105
 (/usr/local/texlive/2017/texmf-dist/tex/context/base/mkii/supp-pdf.mkii
[Loading MPS to PDF converter (version 2006.09.02).]
\scratchcounter=\count106
\scratchdimen=\dimen123
\scratchbox=\box29
\nofMPsegments=\count107
\nofMParguments=\count108
\everyMPshowfont=\toks21
\MPscratchCnt=\count109
\MPscratchDim=\dimen124
\MPnumerator=\count110
\makeMPintoPDFobject=\count111
\everyMPtoPDFconversion=\toks22
))) (/usr/local/texlive/2017/texmf-dist/tex/generic/oberdiek/pdftexcmds.sty
Package: pdftexcmds 2017/03/19 v0.25 Utility functions of pdfTeX for LuaTeX (HO)
 (/usr/local/texlive/2017/texmf-dist/tex/generic/oberdiek/ifluatex.sty
Package: ifluatex 2016/05/16 v1.4 Provides the ifluatex switch (HO)
Package ifluatex Info: LuaTeX not detected.
) (/usr/local/texlive/2017/texmf-dist/tex/generic/oberdiek/ifpdf.sty
Package: ifpdf 2017/03/15 v3.2 Provides the ifpdf switch
)
Package pdftexcmds Info: LuaTeX not detected.
Package pdftexcmds Info: \pdf@primitive is available.
Package pdftexcmds Info: \pdf@ifprimitive is available.
Package pdftexcmds Info: \pdfdraftmode found.
) (/usr/local/texlive/2017/texmf-dist/tex/latex/oberdiek/epstopdf-base.sty
Package: epstopdf-base 2016/05/15 v2.6 Base part for package epstopdf
 (/usr/local/texlive/2017/texmf-dist/tex/latex/oberdiek/grfext.sty
Package: grfext 2016/05/16 v1.2 Manage graphics extensions (HO)
 (/usr/local/texlive/2017/texmf-dist/tex/generic/oberdiek/kvdefinekeys.sty
Package: kvdefinekeys 2016/05/16 v1.4 Define keys (HO)
)) (/usr/local/texlive/2017/texmf-dist/tex/latex/oberdiek/kvoptions.sty
Package: kvoptions 2016/05/16 v3.12 Key value format for package options (HO)
 (/usr/local/texlive/2017/texmf-dist/tex/generic/oberdiek/kvsetkeys.sty
Package: kvsetkeys 2016/05/16 v1.17 Key value parser (HO)
 (/usr/local/texlive/2017/texmf-dist/tex/generic/oberdiek/etexcmds.sty
Package: etexcmds 2016/05/16 v1.6 Avoid name clashes with e-TeX commands (HO)
Package etexcmds Info: Could not find \expanded.
(etexcmds)             That can mean that you are not using pdfTeX 1.50 or
(etexcmds)             that some package has redefined \expanded.
(etexcmds)             In the latter case, load this package earlier.
)))
Package epstopdf-base Info: Redefining graphics rule for `.eps' on input line 438.
Package grfext Info: Graphics extension search list:
(grfext)             [.png,.pdf,.jpg,.mps,.jpeg,.jbig2,.jb2,.PNG,.PDF,.JPG,.JPEG,.JBIG2,.JB2,.eps]
(grfext)             \AppendGraphicsExtensions on input line 456.
 (/usr/local/texlive/2017/texmf-dist/tex/latex/latexconfig/epstopdf-sys.cfg
File: epstopdf-sys.cfg 2010/07/13 v1.3 Configuration of (r)epstopdf for TeX Live
))
\Gin@req@height=\dimen125
\Gin@req@width=\dimen126
)
! Preview: Snippet 1 started.
<-><->
      
l.14 \section
             {Theory}
Not a real error.

Preview: Tightpage -32891 -32891 32891 32891
! Preview: Snippet 1 ended.(655359+183500x22609920).
<-><->
      
l.14 \section{Theory}
                     
Not a real error.

[1{/usr/local/texlive/2017/texmf-var/fonts/map/pdftex/updmap/pdftex.map}

]
! Preview: Snippet 2 started.
<-><->
      
l.15 \subsection
                {PML}
Not a real error.

! Preview: Snippet 2 ended.(539580+0x22609920).
<-><->
      
l.15 \subsection{PML}
                     
Not a real error.

[2

]
! Preview: Snippet 3 started.
<-><->
      
l.22 \subsection
                {Finite-Difference Derivation}
Not a real error.

! Preview: Snippet 3 ended.(546132+0x22609920).
<-><->
      
l.22 \subsection{Finite-Difference Derivation}
                                              
Not a real error.

[3

]
! Preview: Snippet 4 started.
<-><->
      
l.24 \begin{equation}
                     \nabla \times \vec{H} = j \omega \epsilon \bar{\bar{s}}...
Not a real error.

! Preview: Snippet 4 ended.(797718+0x22609920).
<-><->
      
l.24 ...psilon \bar{\bar{s}} \vec{E}\end{equation}
                                                  
Not a real error.

[4]
! Preview: Snippet 5 started.
<-><->
      
l.26 \begin{equation}
                     
Not a real error.

! Display math should end with $$.
<to be read again> 
                    
l.27   $
        
The `$' that I just saw supposedly matches a previous `$$'.
So I shall assume that you typed `$$' both times.

! Missing $ inserted.
<inserted text> 
                $
l.28   \begin{bmatrix}
                      
I've inserted a begin-math/end-math symbol since I think
you left one out. Proceed, with fingers crossed.

! Missing $ inserted.
<inserted text> 
                $
l.32   \end{bmatrix}
                    
I've inserted something that you may have forgotten.
(See the <inserted text> above.)
With luck, this will get me unwedged. But if you
really didn't forget anything, try typing `2' now; then
my insertion and my current dilemma will both disappear.

! Missing $ inserted.
<inserted text> 
                $
l.34   j\omega
              \epsilon
I've inserted a begin-math/end-math symbol since I think
you left one out. Proceed, with fingers crossed.


! LaTeX Error: Bad math environment delimiter.

See the LaTeX manual or LaTeX Companion for explanation.
Type  H <return>  for immediate help.
 ...                                              
                                                  
l.46 \end{equation}
                   
Your command was ignored.
Type  I <command> <return>  to replace it with another command,
or  <return>  to continue without it.

! You can't use `\eqno' in horizontal mode.
\endmathdisplay@a ...\df@tag \@empty \else \veqno 
                                                  \alt@tag \df@tag \fi \ifx ...
l.46 \end{equation}
                   
Sorry, but I'm not programmed to handle this case;
I'll just pretend that you didn't ask for it.
If you're in the wrong mode, you might be able to
return to the right one by typing `I}' or `I$' or `I\par'.

! Missing $ inserted.
<inserted text> 
                $
l.46 \end{equation}
                   
I've inserted something that you may have forgotten.
(See the <inserted text> above.)
With luck, this will get me unwedged. But if you
really didn't forget anything, try typing `2' now; then
my insertion and my current dilemma will both disappear.

! Display math should end with $$.
<to be read again> 
                   \endgroup 
l.46 \end{equation}
                   
The `$' that I just saw supposedly matches a previous `$$'.
So I shall assume that you typed `$$' both times.

! Preview: Snippet 5 ended.(3935221+0x22609920).
<-><->
      
l.46 \end{equation}
                   
Not a real error.

[5]
! Preview: Snippet 6 started.
<-><->
      
l.48 \begin{equation}
                     s_{x}=\kappa_{x}+\frac{\sigma_{x}}{j\omega\epsilon_{0}}...
Not a real error.

! Preview: Snippet 6 ended.(1302500+0x22609920).
<-><->
      
l.48 ...ma_{x}}{j\omega\epsilon_{0}}\end{equation}
                                                  
Not a real error.

[6]
! Preview: Snippet 7 started.
<-><->
      
l.49 \begin{equation}
                     s_{y}=\kappa_{y}+\frac{\sigma_{y}}{j\omega\epsilon_{0}}...
Not a real error.


LaTeX Warning: Reference `SyEquation' on page 1 undefined on input line 49.

! Preview: Snippet 7 ended.(1302500+0x22609920).
<-><->
      
l.49 ...epsilon_{0}}\ref{SyEquation}\end{equation}
                                                  
Not a real error.

[7]
! Preview: Snippet 8 started.
<-><->
      
l.50 \begin{equation}
                     s_{z}=\kappa_{z}+\frac{\sigma_{z}}{j\omega\epsilon_{0}}...
Not a real error.


LaTeX Warning: Reference `' on page 1 undefined on input line 50.

! Preview: Snippet 8 ended.(1302500+0x22609920).
<-><->
      
l.50 ...}{j\omega\epsilon_{0}}\ref{}\end{equation}
                                                  
Not a real error.

[8]
! Preview: Snippet 9 started.
<-><->
      
l.53 \begin{equation}
                     D_{x}=\epsilon \frac{s_{z}}{s_{x}}E_{x}\end{equation}
Not a real error.

! Preview: Snippet 9 ended.(1273372+0x22609920).
<-><->
      
l.53 ...lon \frac{s_{z}}{s_{x}}E_{x}\end{equation}
                                                  
Not a real error.

[9]
! Preview: Snippet 10 started.
<-><->
      
l.54 \begin{equation}
                     D_{y}=\epsilon \frac{s_{x}}{s_{y}}E_{y}\end{equation}
Not a real error.

! Preview: Snippet 10 ended.(1362573+0x22609920).
<-><->
      
l.54 ...lon \frac{s_{x}}{s_{y}}E_{y}\end{equation}
                                                  
Not a real error.

[10]
! Preview: Snippet 11 started.
<-><->
      
l.55 \begin{equation}
                     D_{z}=\epsilon \frac{s_{y}}{s_{z}}E_{z}\label{DzEzRelat...
Not a real error.

! Preview: Snippet 11 ended.(1273372+0x22609920).
<-><->
      
l.55 ...z}}E_{z}\label{DzEzRelation}\end{equation}
                                                  
Not a real error.

[11

]
! Preview: Snippet 12 started.
<-><->
      
l.57 \begin{equation}
                     
Not a real error.

! Display math should end with $$.
<to be read again> 
                    
l.58   $
        
The `$' that I just saw supposedly matches a previous `$$'.
So I shall assume that you typed `$$' both times.

! Missing $ inserted.
<inserted text> 
                $
l.59   \begin{bmatrix}
                      
I've inserted a begin-math/end-math symbol since I think
you left one out. Proceed, with fingers crossed.

! Missing $ inserted.
<inserted text> 
                $
l.63   \end{bmatrix}
                    
I've inserted something that you may have forgotten.
(See the <inserted text> above.)
With luck, this will get me unwedged. But if you
really didn't forget anything, try typing `2' now; then
my insertion and my current dilemma will both disappear.

! Missing $ inserted.
<inserted text> 
                $
l.65   j\omega
              
I've inserted a begin-math/end-math symbol since I think
you left one out. Proceed, with fingers crossed.


! LaTeX Error: Bad math environment delimiter.

See the LaTeX manual or LaTeX Companion for explanation.
Type  H <return>  for immediate help.
 ...                                              
                                                  
l.77 \end{equation}
                   
Your command was ignored.
Type  I <command> <return>  to replace it with another command,
or  <return>  to continue without it.

! You can't use `\eqno' in horizontal mode.
\endmathdisplay@a ...\df@tag \@empty \else \veqno 
                                                  \alt@tag \df@tag \fi \ifx ...
l.77 \end{equation}
                   
Sorry, but I'm not programmed to handle this case;
I'll just pretend that you didn't ask for it.
If you're in the wrong mode, you might be able to
return to the right one by typing `I}' or `I$' or `I\par'.

! Missing $ inserted.
<inserted text> 
                $
l.77 \end{equation}
                   
I've inserted something that you may have forgotten.
(See the <inserted text> above.)
With luck, this will get me unwedged. But if you
really didn't forget anything, try typing `2' now; then
my insertion and my current dilemma will both disappear.

! Display math should end with $$.
<to be read again> 
                   \endgroup 
l.77 \end{equation}
                   
The `$' that I just saw supposedly matches a previous `$$'.
So I shall assume that you typed `$$' both times.

! Preview: Snippet 12 ended.(3935221+0x22609920).
<-><->
      
l.77 \end{equation}
                   
Not a real error.

[12]
! Preview: Snippet 13 started.
<-><->
      
l.78 Using the defined values of s and that $
                                             \frac{\partial}{\partial t} = j...
Not a real error.

! Preview: Snippet 13 ended.(576613+225995x2275993).
<-><->
      
l.78 ... $\frac{\partial}{\partial t} = j \omega $
                                                  :
Not a real error.

[13]
! Preview: Snippet 14 started.
<-><->
      
l.79 \begin{equation}
                     
Not a real error.

! Display math should end with $$.
<to be read again> 
                    
l.80   $
        
The `$' that I just saw supposedly matches a previous `$$'.
So I shall assume that you typed `$$' both times.

! Missing $ inserted.
<inserted text> 
                $
l.81   \begin{bmatrix}
                      
I've inserted a begin-math/end-math symbol since I think
you left one out. Proceed, with fingers crossed.

! Missing $ inserted.
<inserted text> 
                $
l.85   \end{bmatrix}
                    
I've inserted something that you may have forgotten.
(See the <inserted text> above.)
With luck, this will get me unwedged. But if you
really didn't forget anything, try typing `2' now; then
my insertion and my current dilemma will both disappear.

! Missing $ inserted.
<inserted text> 
                $
l.90   \begin{bmatrix}
                      
I've inserted a begin-math/end-math symbol since I think
you left one out. Proceed, with fingers crossed.

! Missing $ inserted.
<inserted text> 
                $
l.94   \end{bmatrix}
                    
I've inserted something that you may have forgotten.
(See the <inserted text> above.)
With luck, this will get me unwedged. But if you
really didn't forget anything, try typing `2' now; then
my insertion and my current dilemma will both disappear.

! Missing $ inserted.
<inserted text> 
                $
l.95   \begin{bmatrix}
                      
I've inserted a begin-math/end-math symbol since I think
you left one out. Proceed, with fingers crossed.

! Missing $ inserted.
<inserted text> 
                $
l.99   \end{bmatrix}
                    
I've inserted something that you may have forgotten.
(See the <inserted text> above.)
With luck, this will get me unwedged. But if you
really didn't forget anything, try typing `2' now; then
my insertion and my current dilemma will both disappear.

! Missing $ inserted.
<inserted text> 
                $
l.103   \begin{bmatrix}
                       
I've inserted a begin-math/end-math symbol since I think
you left one out. Proceed, with fingers crossed.

! Missing $ inserted.
<inserted text> 
                $
l.107   \end{bmatrix}
                     
I've inserted something that you may have forgotten.
(See the <inserted text> above.)
With luck, this will get me unwedged. But if you
really didn't forget anything, try typing `2' now; then
my insertion and my current dilemma will both disappear.

! Missing $ inserted.
<inserted text> 
                $
l.108   \begin{bmatrix}
                       
I've inserted a begin-math/end-math symbol since I think
you left one out. Proceed, with fingers crossed.

! Missing $ inserted.
<inserted text> 
                $
l.112   \end{bmatrix}
                     
I've inserted something that you may have forgotten.
(See the <inserted text> above.)
With luck, this will get me unwedged. But if you
really didn't forget anything, try typing `2' now; then
my insertion and my current dilemma will both disappear.

! You can't use `\eqno' in math mode.
\endmathdisplay@a ...\df@tag \@empty \else \veqno 
                                                  \alt@tag \df@tag \fi \ifx ...
l.114 \end{equation}
                    
Sorry, but I'm not programmed to handle this case;
I'll just pretend that you didn't ask for it.
If you're in the wrong mode, you might be able to
return to the right one by typing `I}' or `I$' or `I\par'.

! Missing $ inserted.
<inserted text> 
                $
l.114 \end{equation}
                    
I've inserted something that you may have forgotten.
(See the <inserted text> above.)
With luck, this will get me unwedged. But if you
really didn't forget anything, try typing `2' now; then
my insertion and my current dilemma will both disappear.

! Preview: Snippet 14 ended.(2000379+1213946x21242555).
<-><->
      
l.114 \end{equation}
                    
Not a real error.

[14]
! Preview: Snippet 15 started.
<-><->
      
l.116 ...s too much info. Since we are doing 2D, $
                                                  \kappa_{z}=1$, $\sigma_{z}...
Not a real error.

! Preview: Snippet 15 ended.(422343+98303x1881047).
<-><->
      
l.116 ...fo. Since we are doing 2D, $\kappa_{z}=1$
                                                  , $\sigma_{z}=0$ in
Not a real error.

[15]
! Preview: Snippet 16 started.
<-><->
      
l.116 ... Since we are doing 2D, $\kappa_{z}=1$, $
                                                  \sigma_{z}=0$ in
Not a real error.

! Preview: Snippet 16 ended.(422343+98303x1877937).
<-><->
      
l.116 ... doing 2D, $\kappa_{z}=1$, $\sigma_{z}=0$
                                                   in
Not a real error.

[16]
! Preview: Snippet 17 started.
<-><->
      
l.117 this simulation. As well as $
                                   D_{x}=D_{y}=0$ and $H_{z}=0$. Equation re...
Not a real error.

! Preview: Snippet 17 ended.(447828+187504x3805430).
<-><->
      
l.117 this simulation. As well as $D_{x}=D_{y}=0$
                                                  and $H_{z}=0$. Equation re...
Not a real error.

[17]
! Preview: Snippet 18 started.
<-><->
      
l.117 ...ulation. As well as $D_{x}=D_{y}=0$ and $
                                                  H_{z}=0$. Equation reduces...
Not a real error.

! Preview: Snippet 18 ended.(447828+98303x2048224).
<-><->
      
l.117 ... As well as $D_{x}=D_{y}=0$ and $H_{z}=0$
                                                  . Equation reduces to:
Not a real error.

[18]
! Preview: Snippet 19 started.
<-><->
      
l.119 \begin{equation}
                      
Not a real error.

! Display math should end with $$.
<to be read again> 
                    
l.120   $
         
The `$' that I just saw supposedly matches a previous `$$'.
So I shall assume that you typed `$$' both times.

! Missing $ inserted.
<inserted text> 
                $
l.121   \begin{bmatrix}
                       
I've inserted a begin-math/end-math symbol since I think
you left one out. Proceed, with fingers crossed.

! Missing $ inserted.
<inserted text> 
                $
l.125   \end{bmatrix}
                     
I've inserted something that you may have forgotten.
(See the <inserted text> above.)
With luck, this will get me unwedged. But if you
really didn't forget anything, try typing `2' now; then
my insertion and my current dilemma will both disappear.

! Missing $ inserted.
<inserted text> 
                $
l.130   \begin{bmatrix}
                       
I've inserted a begin-math/end-math symbol since I think
you left one out. Proceed, with fingers crossed.

! Missing $ inserted.
<inserted text> 
                $
l.134   \end{bmatrix}
                     
I've inserted something that you may have forgotten.
(See the <inserted text> above.)
With luck, this will get me unwedged. But if you
really didn't forget anything, try typing `2' now; then
my insertion and my current dilemma will both disappear.

! Missing $ inserted.
<inserted text> 
                $
l.135   \begin{bmatrix}
                       
I've inserted a begin-math/end-math symbol since I think
you left one out. Proceed, with fingers crossed.

! Missing $ inserted.
<inserted text> 
                $
l.139   \end{bmatrix}
                     
I've inserted something that you may have forgotten.
(See the <inserted text> above.)
With luck, this will get me unwedged. But if you
really didn't forget anything, try typing `2' now; then
my insertion and my current dilemma will both disappear.

! Missing $ inserted.
<inserted text> 
                $
l.143   \begin{bmatrix}
                       
I've inserted a begin-math/end-math symbol since I think
you left one out. Proceed, with fingers crossed.

! Missing $ inserted.
<inserted text> 
                $
l.147   \end{bmatrix}
                     
I've inserted something that you may have forgotten.
(See the <inserted text> above.)
With luck, this will get me unwedged. But if you
really didn't forget anything, try typing `2' now; then
my insertion and my current dilemma will both disappear.

! Missing $ inserted.
<inserted text> 
                $
l.148   \begin{bmatrix}
                       
I've inserted a begin-math/end-math symbol since I think
you left one out. Proceed, with fingers crossed.

! Missing $ inserted.
<inserted text> 
                $
l.152   \end{bmatrix}
                     
I've inserted something that you may have forgotten.
(See the <inserted text> above.)
With luck, this will get me unwedged. But if you
really didn't forget anything, try typing `2' now; then
my insertion and my current dilemma will both disappear.

! You can't use `\eqno' in math mode.
\endmathdisplay@a ...\df@tag \@empty \else \veqno 
                                                  \alt@tag \df@tag \fi \ifx ...
l.154 \end{equation}
                    
Sorry, but I'm not programmed to handle this case;
I'll just pretend that you didn't ask for it.
If you're in the wrong mode, you might be able to
return to the right one by typing `I}' or `I$' or `I\par'.

! Missing $ inserted.
<inserted text> 
                $
l.154 \end{equation}
                    
I've inserted something that you may have forgotten.
(See the <inserted text> above.)
With luck, this will get me unwedged. But if you
really didn't forget anything, try typing `2' now; then
my insertion and my current dilemma will both disappear.

! Preview: Snippet 19 ended.(2000379+1213946x20485933).
<-><->
      
l.154 \end{equation}
                    
Not a real error.

[19]
! Preview: Snippet 20 started.
<-><->
      
l.156 ...equation to find an update quation for  $
                                                  D_{z}$:
Not a real error.

! Preview: Snippet 20 ended.(447828+98303x844552).
<-><->
      
l.156 ...on to find an update quation for  $D_{z}$
                                                  :
Not a real error.

[20]
! Preview: Snippet 21 started.
<-><->
      
l.157 \begin{equation}
                      
Not a real error.

! Preview: Snippet 21 ended.(1475443+0x22609920).
<-><->
      
l.159 \end{equation}
                    
Not a real error.

[21]
! Preview: Snippet 22 started.
<-><->
      
l.164 \begin{equation}
                      D^{n+1/2}=\frac{D^{n+1}+D^{n}}{2}\end{equation}
Not a real error.

! Preview: Snippet 22 ended.(1426366+0x22609920).
<-><->
      
l.164 .../2}=\frac{D^{n+1}+D^{n}}{2}\end{equation}
                                                  
Not a real error.

[22]
! Preview: Snippet 23 started.
<-><->
      
l.170 \begin{equation}
                      
Not a real error.

! Preview: Snippet 23 ended.(4517347+0x22609920).
<-><->
      
l.179 \end{equation}
                    
Not a real error.

[23]
! Preview: Snippet 24 started.
<-><->
      
l.184 \begin{equation}
                      
Not a real error.

! Preview: Snippet 24 ended.(4517347+0x22609920).
<-><->
      
l.191 \end{equation}
                    
Not a real error.

[24]
! Preview: Snippet 25 started.
<-><->
      
l.193 \begin{equation}
                      
Not a real error.

! Preview: Snippet 25 ended.(4683007+0x22609920).
<-><->
      
l.200 \end{equation}
                    
Not a real error.

[25]
! Preview: Snippet 26 started.
<-><->
      
l.202 \begin{equation}
                      
Not a real error.

! Undefined control sequence.
<argument> \sigma _{x}\Deltat 
                              -2\epsilon _{0}\kappa _{x}
l.207 \end{multlined}
                     
The control sequence at the end of the top line
of your error message was never \def'ed. If you have
misspelled it (e.g., `\hobx'), type `I' and the correct
spelling (e.g., `I\hbox'). Otherwise just continue,
and I'll forget about whatever was undefined.

! Undefined control sequence.
<argument> \sigma _{x}\Deltat 
                              -2\epsilon _{0}\kappa _{x}
l.207 \end{multlined}
                     
The control sequence at the end of the top line
of your error message was never \def'ed. If you have
misspelled it (e.g., `\hobx'), type `I' and the correct
spelling (e.g., `I\hbox'). Otherwise just continue,
and I'll forget about whatever was undefined.

! Preview: Snippet 26 ended.(4774029+0x22609920).
<-><->
      
l.208 \end{equation}
                    
Not a real error.

[26]
! Preview: Snippet 27 started.
<-><->
      
l.214  \begin{equation}
                       s_{z}D_{z}=\epsilon s_{y}E_{z}\end{equation}
Not a real error.

! Preview: Snippet 27 ended.(679024+0x22609920).
<-><->
      
l.214 ...z}D_{z}=\epsilon s_{y}E_{z}\end{equation}
                                                  
Not a real error.

[27]

! LaTeX Error: There's no line here to end.

See the LaTeX manual or LaTeX Companion for explanation.
Type  H <return>  for immediate help.
 ...                                              
                                                  
l.220 U
       pdate Components for B\\
Your command was ignored.
Type  I <command> <return>  to replace it with another command,
or  <return>  to continue without it.

! Preview: Snippet 28 started.
<-><->
      
l.223 \subsection
                 {Graded Conductivity}
Not a real error.

! Preview: Snippet 28 ended.(546132+152916x22609920).
<-><->
      
l.223 \subsection{Graded Conductivity}
                                      
Not a real error.

[28

]
! Preview: Snippet 29 started.
<-><->
      
l.226 \[
        R(\theta)=\exp^{-2\eta cos(\theta)\int_{0}^{d}\sigma_{x}(x)dx\]
Not a real error.

! Missing } inserted.
<inserted text> 
                }
l.226 ... cos(\theta)\int_{0}^{d}\sigma_{x}(x)dx\]
                                                  
I've inserted something that you may have forgotten.
(See the <inserted text> above.)
With luck, this will get me unwedged. But if you
really didn't forget anything, try typing `2' now; then
my insertion and my current dilemma will both disappear.

! Preview: Snippet 29 ended.(869520+0x15453450).
<-><->
      
l.226 ... cos(\theta)\int_{0}^{d}\sigma_{x}(x)dx\]
                                                  
Not a real error.

[29]
! Preview: Snippet 30 started.
<-><->
      
l.228   Where $
               \sigma_{x}$ is the graded conductivity of the PML material.\\
Not a real error.

! Preview: Snippet 30 ended.(282168+98303x704437).
<-><->
      
l.228   Where $\sigma_{x}$
                           is the graded conductivity of the PML material.\\
Not a real error.

[30]
! Preview: Snippet 31 started.
<-><->
      
l.229   $
         \theta$ is the angle of incidence of the wave. So steeper angles of...
Not a real error.

! Preview: Snippet 31 ended.(455111+0x325860).
<-><->
      
l.229   $\theta$
                 is the angle of incidence of the wave. So steeper angles of...
Not a real error.

[31]
! Preview: Snippet 32 started.
<-><->
      
l.229 ...dence of the wave. So steeper angles of $
                                                  \theta$
Not a real error.

! Preview: Snippet 32 ended.(455111+0x325860).
<-><->
      
l.229 ...f the wave. So steeper angles of $\theta$
                                                  
Not a real error.

[32]
! Preview: Snippet 33 started.
<-><->
      
l.237 \subsubsection
                    {Polynomial grading}
Not a real error.

! Preview: Snippet 33 ended.(455111+127431x22609920).
<-><->
      
l.237 \subsubsection{Polynomial grading}
                                        
Not a real error.

[33

]
! Preview: Snippet 34 started.
<-><->
      
l.239 \[
        \sigma_{x} = (\frac{x}{d})^{m} \sigma_{x,max}\]
Not a real error.

! Preview: Snippet 34 ended.(1175069+0x13817073).
<-><->
      
l.239 ..._{x} = (\frac{x}{d})^{m} \sigma_{x,max}\]
                                                  
Not a real error.

[34]
! Preview: Snippet 35 started.
<-><->
      
l.240 And the graded value for $
                                \kappa_{x}$ is:
Not a real error.

! Preview: Snippet 35 ended.(282168+98303x707547).
<-><->
      
l.240 And the graded value for $\kappa_{x}$
                                            is:
Not a real error.

[35]
! Preview: Snippet 36 started.
<-><->
      
l.241 \[
        \kappa_{x}=1+(\kappa_{x,max}-1)(\frac{x}{d})^{m}\]
Not a real error.

! Preview: Snippet 36 ended.(1175069+0x15203717).
<-><->
      
l.241 ...}=1+(\kappa_{x,max}-1)(\frac{x}{d})^{m}\]
                                                  
Not a real error.

[36]
! Preview: Snippet 37 started.
<-><->
      
l.244 \subsubsection
                    {Geometric grading}
Not a real error.

! Preview: Snippet 37 ended.(455111+127431x22609920).
<-><->
      
l.244 \subsubsection{Geometric grading}
                                       
Not a real error.

[37

]
! Preview: Snippet 38 started.
<-><->
      
l.246 \[
        \sigma_{x} =(g^{\frac{1}{\Delta}})^{x} \sigma_{x,0}\]
Not a real error.

! Preview: Snippet 38 ended.(845384+0x13517431).
<-><->
      
l.246 ...(g^{\frac{1}{\Delta}})^{x} \sigma_{x,0}\]
                                                  
Not a real error.

[38]
! Preview: Snippet 39 started.
<-><->
      
l.248 $
       \sigma_{x,0}$ is the conductivity at the surface of the PML.\\
Not a real error.

! Preview: Snippet 39 ended.(282168+187504x1121320).
<-><->
      
l.248 $\sigma_{x,0}$
                     is the conductivity at the surface of the PML.\\
Not a real error.

[39]
! Preview: Snippet 40 started.
<-><->
      
l.249 g is a scaling factor. Nearly optimal: $
                                              2 \leq g \leq 3$\\
Not a real error.

! Preview: Snippet 40 ended.(422343+127431x2739073).
<-><->
      
l.249 ...factor. Nearly optimal: $2 \leq g \leq 3$
                                                  \\
Not a real error.

[40]
! Preview: Snippet 41 started.
<-><->
      
l.250 $
       \Delta$ is spacing of FDTD lattice.\\
Not a real error.

! Preview: Snippet 41 ended.(447828+0x546135).
<-><->
      
l.250 $\Delta$
               is spacing of FDTD lattice.\\
Not a real error.

[41]
! Preview: Snippet 42 started.
<-><->
      
l.252 And the graded value for $
                                \kappa_{x}$ is:
Not a real error.

! Preview: Snippet 42 ended.(282168+98303x707547).
<-><->
      
l.252 And the graded value for $\kappa_{x}$
                                            is:
Not a real error.

[42]
! Preview: Snippet 43 started.
<-><->
      
l.253 \[
        \kappa_{x}=[(\kappa_{max})^{\frac{1}{d}}g^{\frac{1}{\Delta}}]^{x}\]
Not a real error.

! Preview: Snippet 43 ended.(821720+0x14085026).
<-><->
      
l.253 ...^{\frac{1}{d}}g^{\frac{1}{\Delta}}]^{x}\]
                                                  
Not a real error.

[43]
! Preview: Snippet 44 started.
<-><->
      
l.255 \section
              {Code}
Not a real error.

! Preview: Snippet 44 ended.(655359+0x22609920).
<-><->
      
l.255 \section{Code}
                    
Not a real error.

[44

]
! Preview: Snippet 45 started.
<-><->
      
l.258 \section
              {Error Analysis}
Not a real error.

! Preview: Snippet 45 ended.(655359+183500x22609920).
<-><->
      
l.258 \section{Error Analysis}
                              
Not a real error.

[45

]
! Preview: Snippet 46 started.
<-><->
      
l.264 \subsubsection
                    {Error of Polynomial Grading}
Not a real error.

! Preview: Snippet 46 ended.(455111+127431x22609920).
<-><->
      
l.264 \subsubsection{Error of Polynomial Grading}
                                                 
Not a real error.

[46

]
! Preview: Snippet 47 started.
<-><->
      
l.266 \subsubsection
                    {Error of Geometric Grading}
Not a real error.

! Preview: Snippet 47 ended.(455111+127431x22609920).
<-><->
      
l.266 \subsubsection{Error of Geometric Grading}
                                                
Not a real error.

[47

]
! Preview: Snippet 48 started.
<-><->
      
l.268 \section
              {Fix me: Bibliography}
Not a real error.

! Preview: Snippet 48 ended.(655359+183500x22609920).
<-><->
      
l.268 \section{Fix me: Bibliography}
                                    
Not a real error.

[48

]

LaTeX Warning: There were undefined references.

 ) 
Here is how much of TeX's memory you used:
 1434 strings out of 491578
 21701 string characters out of 6112886
 109513 words of memory out of 5000000
 6347 multiletter control sequences out of 15000+600000
 10820 words of font info for 39 fonts, out of 8000000 for 9000
 1141 hyphenation exceptions out of 8191
 53i,11n,30p,279b,194s stack positions out of 5000i,500n,10000p,200000b,80000s
</usr/local/texlive/2017/texmf-dist/fonts/type1/public/amsfonts/cm/cmbx10.pfb></usr/local/texlive/2017/texmf-dist/fonts/type1/public/amsfonts/cm/cmbx12.pfb></usr/local/texlive/2017/texmf-dist/fonts/type1/public/amsfonts/cm/cmex10.pfb></usr/local/texlive/2017/texmf-dist/fonts/type1/public/amsfonts/cmextra/cmex7.pfb></usr/local/texlive/2017/texmf-dist/fonts/type1/public/amsfonts/cm/cmmi10.pfb></usr/local/texlive/2017/texmf-dist/fonts/type1/public/amsfonts/cm/cmmi5.pfb></usr/local/texlive/2017/texmf-dist/fonts/type1/public/amsfonts/cm/cmmi7.pfb></usr/local/texlive/2017/texmf-dist/fonts/type1/public/amsfonts/cm/cmr10.pfb></usr/local/texlive/2017/texmf-dist/fonts/type1/public/amsfonts/cm/cmr5.pfb></usr/local/texlive/2017/texmf-dist/fonts/type1/public/amsfonts/cm/cmr7.pfb></usr/local/texlive/2017/texmf-dist/fonts/type1/public/amsfonts/cm/cmsy10.pfb></usr/local/texlive/2017/texmf-dist/fonts/type1/public/amsfonts/cm/cmsy7.pfb>
Output written on ECE742Project.pdf (48 pages, 133375 bytes).
PDF statistics:
 208 PDF objects out of 1000 (max. 8388607)
 144 compressed objects within 2 object streams
 0 named destinations out of 1000 (max. 500000)
 1 words of extra memory for PDF output out of 10000 (max. 10000000)

